{"numTotalTestSuites":2,"numPassedTestSuites":2,"numFailedTestSuites":0,"numPendingTestSuites":0,"numTotalTests":4,"numPassedTests":4,"numFailedTests":0,"numPendingTests":0,"numTodoTests":0,"snapshot":{"added":0,"failure":false,"filesAdded":0,"filesRemoved":0,"filesRemovedList":[],"filesUnmatched":0,"filesUpdated":0,"matched":0,"total":0,"unchecked":0,"uncheckedKeysByFile":[],"unmatched":0,"updated":0,"didUpdate":false},"startTime":1753704116434,"success":true,"testResults":[{"assertionResults":[{"ancestorTitles":["Testing Infrastructure - Smoke Test"],"fullName":"Testing Infrastructure - Smoke Test should run basic tests successfully","status":"passed","title":"should run basic tests successfully","duration":0.6839740000000347,"failureMessages":[],"location":{"line":11,"column":3},"meta":{}},{"ancestorTitles":["Testing Infrastructure - Smoke Test"],"fullName":"Testing Infrastructure - Smoke Test should handle async operations","status":"passed","title":"should handle async operations","duration":0.18789000000003853,"failureMessages":[],"location":{"line":15,"column":3},"meta":{}},{"ancestorTitles":["Testing Infrastructure - Smoke Test"],"fullName":"Testing Infrastructure - Smoke Test should work with TypeScript","status":"passed","title":"should work with TypeScript","duration":0.16723400000000765,"failureMessages":[],"location":{"line":20,"column":3},"meta":{}},{"ancestorTitles":["Testing Infrastructure - Smoke Test"],"fullName":"Testing Infrastructure - Smoke Test should verify test environment","status":"passed","title":"should verify test environment","duration":0.09508299999993142,"failureMessages":[],"location":{"line":30,"column":3},"meta":{}}],"startTime":1753704117005,"endTime":1753704117006.188,"status":"passed","message":"","name":"/workspace/src/__tests__/basic.test.ts"}]}